<?xml version="1.0" encoding="UTF-8"?>
<testsuite xmlns:xsi="http://www.w3.org/2001/XMLSchema-instance" xsi:noNamespaceSchemaLocation="https://maven.apache.org/surefire/maven-surefire-plugin/xsd/surefire-test-report.xsd" name="TestSuite" time="381.701" tests="2" errors="0" skipped="0" failures="2">
  <properties>
    <property name="sun.desktop" value="windows"/>
    <property name="awt.toolkit" value="sun.awt.windows.WToolkit"/>
    <property name="file.encoding.pkg" value="sun.io"/>
    <property name="java.specification.version" value="1.8"/>
    <property name="sun.cpu.isalist" value="amd64"/>
    <property name="sun.jnu.encoding" value="Cp1252"/>
    <property name="java.class.path" value="D:\RedBus\redbus\target\test-classes;D:\RedBus\redbus\target\classes;C:\Users\DELL\.m2\repository\com\microsoft\appcenter\appium-test-extension\1.0\appium-test-extension-1.0.jar;C:\Users\DELL\.m2\repository\junit\junit\4.12\junit-4.12.jar;C:\Users\DELL\.m2\repository\org\hamcrest\hamcrest-core\1.3\hamcrest-core-1.3.jar;C:\Users\DELL\.m2\repository\net\sourceforge\streamsupport\streamsupport\1.5.1\streamsupport-1.5.1.jar;C:\Users\DELL\.m2\repository\org\javassist\javassist\3.20.0-GA\javassist-3.20.0-GA.jar;C:\Users\DELL\.m2\repository\log4j\log4j\1.2.17\log4j-1.2.17.jar;C:\Users\DELL\.m2\repository\org\testng\testng\6.8.8\testng-6.8.8.jar;C:\Users\DELL\.m2\repository\org\beanshell\bsh\2.0b4\bsh-2.0b4.jar;C:\Users\DELL\.m2\repository\com\beust\jcommander\1.27\jcommander-1.27.jar;C:\Users\DELL\.m2\repository\io\appium\java-client\3.0.0\java-client-3.0.0.jar;C:\Users\DELL\.m2\repository\com\google\code\gson\gson\2.2.4\gson-2.2.4.jar;C:\Users\DELL\.m2\repository\org\seleniumhq\selenium\selenium-java\2.46.0\selenium-java-2.46.0.jar;C:\Users\DELL\.m2\repository\org\seleniumhq\selenium\selenium-chrome-driver\2.46.0\selenium-chrome-driver-2.46.0.jar;C:\Users\DELL\.m2\repository\org\seleniumhq\selenium\selenium-remote-driver\2.46.0\selenium-remote-driver-2.46.0.jar;C:\Users\DELL\.m2\repository\cglib\cglib-nodep\2.1_3\cglib-nodep-2.1_3.jar;C:\Users\DELL\.m2\repository\org\seleniumhq\selenium\selenium-api\2.46.0\selenium-api-2.46.0.jar;C:\Users\DELL\.m2\repository\org\seleniumhq\selenium\selenium-htmlunit-driver\2.46.0\selenium-htmlunit-driver-2.46.0.jar;C:\Users\DELL\.m2\repository\net\sourceforge\htmlunit\htmlunit\2.17\htmlunit-2.17.jar;C:\Users\DELL\.m2\repository\xalan\xalan\2.7.2\xalan-2.7.2.jar;C:\Users\DELL\.m2\repository\xalan\serializer\2.7.2\serializer-2.7.2.jar;C:\Users\DELL\.m2\repository\commons-collections\commons-collections\3.2.1\commons-collections-3.2.1.jar;C:\Users\DELL\.m2\repository\org\apache\commons\commons-lang3\3.4\commons-lang3-3.4.jar;C:\Users\DELL\.m2\repository\org\apache\httpcomponents\httpmime\4.4.1\httpmime-4.4.1.jar;C:\Users\DELL\.m2\repository\net\sourceforge\htmlunit\htmlunit-core-js\2.17\htmlunit-core-js-2.17.jar;C:\Users\DELL\.m2\repository\xerces\xercesImpl\2.11.0\xercesImpl-2.11.0.jar;C:\Users\DELL\.m2\repository\xml-apis\xml-apis\1.4.01\xml-apis-1.4.01.jar;C:\Users\DELL\.m2\repository\net\sourceforge\nekohtml\nekohtml\1.9.22\nekohtml-1.9.22.jar;C:\Users\DELL\.m2\repository\net\sourceforge\cssparser\cssparser\0.9.16\cssparser-0.9.16.jar;C:\Users\DELL\.m2\repository\org\w3c\css\sac\1.3\sac-1.3.jar;C:\Users\DELL\.m2\repository\org\eclipse\jetty\websocket\websocket-client\9.2.11.v20150529\websocket-client-9.2.11.v20150529.jar;C:\Users\DELL\.m2\repository\org\eclipse\jetty\jetty-util\9.2.11.v20150529\jetty-util-9.2.11.v20150529.jar;C:\Users\DELL\.m2\repository\org\eclipse\jetty\jetty-io\9.2.11.v20150529\jetty-io-9.2.11.v20150529.jar;C:\Users\DELL\.m2\repository\org\eclipse\jetty\websocket\websocket-common\9.2.11.v20150529\websocket-common-9.2.11.v20150529.jar;C:\Users\DELL\.m2\repository\org\eclipse\jetty\websocket\websocket-api\9.2.11.v20150529\websocket-api-9.2.11.v20150529.jar;C:\Users\DELL\.m2\repository\org\seleniumhq\selenium\selenium-firefox-driver\2.46.0\selenium-firefox-driver-2.46.0.jar;C:\Users\DELL\.m2\repository\commons-io\commons-io\2.4\commons-io-2.4.jar;C:\Users\DELL\.m2\repository\org\apache\commons\commons-exec\1.3\commons-exec-1.3.jar;C:\Users\DELL\.m2\repository\org\seleniumhq\selenium\selenium-ie-driver\2.46.0\selenium-ie-driver-2.46.0.jar;C:\Users\DELL\.m2\repository\net\java\dev\jna\jna\4.1.0\jna-4.1.0.jar;C:\Users\DELL\.m2\repository\net\java\dev\jna\jna-platform\4.1.0\jna-platform-4.1.0.jar;C:\Users\DELL\.m2\repository\org\seleniumhq\selenium\selenium-safari-driver\2.46.0\selenium-safari-driver-2.46.0.jar;C:\Users\DELL\.m2\repository\org\seleniumhq\selenium\selenium-support\2.46.0\selenium-support-2.46.0.jar;C:\Users\DELL\.m2\repository\org\webbitserver\webbit\0.4.14\webbit-0.4.14.jar;C:\Users\DELL\.m2\repository\io\netty\netty\3.5.2.Final\netty-3.5.2.Final.jar;C:\Users\DELL\.m2\repository\org\seleniumhq\selenium\selenium-leg-rc\2.46.0\selenium-leg-rc-2.46.0.jar;C:\Users\DELL\.m2\repository\org\apache\httpcomponents\httpclient\4.3.3\httpclient-4.3.3.jar;C:\Users\DELL\.m2\repository\org\apache\httpcomponents\httpcore\4.3.2\httpcore-4.3.2.jar;C:\Users\DELL\.m2\repository\commons-logging\commons-logging\1.1.3\commons-logging-1.1.3.jar;C:\Users\DELL\.m2\repository\commons-codec\commons-codec\1.6\commons-codec-1.6.jar;C:\Users\DELL\.m2\repository\com\google\guava\guava\17.0\guava-17.0.jar;C:\Users\DELL\.m2\repository\cglib\cglib\3.1\cglib-3.1.jar;C:\Users\DELL\.m2\repository\org\ow2\asm\asm\4.2\asm-4.2.jar;C:\Users\DELL\.m2\repository\org\apache\maven\plugins\maven-surefire-plugin\2.22.0\maven-surefire-plugin-2.22.0.jar;C:\Users\DELL\.m2\repository\org\apache\maven\surefire\maven-surefire-common\2.22.0\maven-surefire-common-2.22.0.jar;C:\Users\DELL\.m2\repository\org\apache\maven\maven-plugin-api\2.2.1\maven-plugin-api-2.2.1.jar;C:\Users\DELL\.m2\repository\org\apache\maven\plugin-tools\maven-plugin-annotations\3.5\maven-plugin-annotations-3.5.jar;C:\Users\DELL\.m2\repository\org\apache\maven\surefire\surefire-api\2.22.0\surefire-api-2.22.0.jar;C:\Users\DELL\.m2\repository\org\apache\maven\surefire\surefire-logger-api\2.22.0\surefire-logger-api-2.22.0.jar;C:\Users\DELL\.m2\repository\org\apache\maven\surefire\surefire-booter\2.22.0\surefire-booter-2.22.0.jar;C:\Users\DELL\.m2\repository\org\apache\maven\maven-artifact\2.2.1\maven-artifact-2.2.1.jar;C:\Users\DELL\.m2\repository\org\codehaus\plexus\plexus-utils\1.5.15\plexus-utils-1.5.15.jar;C:\Users\DELL\.m2\repository\org\apache\maven\maven-plugin-descriptor\2.2.1\maven-plugin-descriptor-2.2.1.jar;C:\Users\DELL\.m2\repository\org\codehaus\plexus\plexus-container-default\1.0-alpha-9-stable-1\plexus-container-default-1.0-alpha-9-stable-1.jar;C:\Users\DELL\.m2\repository\org\apache\maven\maven-project\2.2.1\maven-project-2.2.1.jar;C:\Users\DELL\.m2\repository\org\apache\maven\maven-settings\2.2.1\maven-settings-2.2.1.jar;C:\Users\DELL\.m2\repository\org\apache\maven\maven-profile\2.2.1\maven-profile-2.2.1.jar;C:\Users\DELL\.m2\repository\org\apache\maven\maven-artifact-manager\2.2.1\maven-artifact-manager-2.2.1.jar;C:\Users\DELL\.m2\repository\backport-util-concurrent\backport-util-concurrent\3.1\backport-util-concurrent-3.1.jar;C:\Users\DELL\.m2\repository\org\apache\maven\maven-plugin-registry\2.2.1\maven-plugin-registry-2.2.1.jar;C:\Users\DELL\.m2\repository\org\codehaus\plexus\plexus-interpolation\1.11\plexus-interpolation-1.11.jar;C:\Users\DELL\.m2\repository\org\apache\maven\maven-model\2.2.1\maven-model-2.2.1.jar;C:\Users\DELL\.m2\repository\org\apache\maven\maven-core\2.2.1\maven-core-2.2.1.jar;C:\Users\DELL\.m2\repository\org\apache\maven\maven-plugin-parameter-documenter\2.2.1\maven-plugin-parameter-documenter-2.2.1.jar;C:\Users\DELL\.m2\repository\org\apache\maven\wagon\wagon-http\1.0-beta-6\wagon-http-1.0-beta-6.jar;C:\Users\DELL\.m2\repository\org\apache\maven\wagon\wagon-http-shared\1.0-beta-6\wagon-http-shared-1.0-beta-6.jar;C:\Users\DELL\.m2\repository\nekohtml\xercesMinimal\1.9.6.2\xercesMinimal-1.9.6.2.jar;C:\Users\DELL\.m2\repository\nekohtml\nekohtml\1.9.6.2\nekohtml-1.9.6.2.jar;C:\Users\DELL\.m2\repository\commons-httpclient\commons-httpclient\3.1\commons-httpclient-3.1.jar;C:\Users\DELL\.m2\repository\org\apache\maven\wagon\wagon-webdav-jackrabbit\1.0-beta-6\wagon-webdav-jackrabbit-1.0-beta-6.jar;C:\Users\DELL\.m2\repository\org\apache\jackrabbit\jackrabbit-webdav\1.5.0\jackrabbit-webdav-1.5.0.jar;C:\Users\DELL\.m2\repository\org\apache\jackrabbit\jackrabbit-jcr-commons\1.5.0\jackrabbit-jcr-commons-1.5.0.jar;C:\Users\DELL\.m2\repository\org\slf4j\slf4j-nop\1.5.3\slf4j-nop-1.5.3.jar;C:\Users\DELL\.m2\repository\org\slf4j\slf4j-jdk14\1.5.6\slf4j-jdk14-1.5.6.jar;C:\Users\DELL\.m2\repository\org\slf4j\slf4j-api\1.5.6\slf4j-api-1.5.6.jar;C:\Users\DELL\.m2\repository\org\slf4j\jcl-over-slf4j\1.5.6\jcl-over-slf4j-1.5.6.jar;C:\Users\DELL\.m2\repository\org\apache\maven\reporting\maven-reporting-api\2.2.1\maven-reporting-api-2.2.1.jar;C:\Users\DELL\.m2\repository\org\apache\maven\doxia\doxia-logging-api\1.1\doxia-logging-api-1.1.jar;C:\Users\DELL\.m2\repository\org\apache\maven\wagon\wagon-provider-api\1.0-beta-6\wagon-provider-api-1.0-beta-6.jar;C:\Users\DELL\.m2\repository\org\apache\maven\maven-repository-metadata\2.2.1\maven-repository-metadata-2.2.1.jar;C:\Users\DELL\.m2\repository\org\apache\maven\maven-error-diagnostics\2.2.1\maven-error-diagnostics-2.2.1.jar;C:\Users\DELL\.m2\repository\org\apache\maven\maven-monitor\2.2.1\maven-monitor-2.2.1.jar;C:\Users\DELL\.m2\repository\classworlds\classworlds\1.1\classworlds-1.1.jar;C:\Users\DELL\.m2\repository\org\sonatype\plexus\plexus-sec-dispatcher\1.3\plexus-sec-dispatcher-1.3.jar;C:\Users\DELL\.m2\repository\org\sonatype\plexus\plexus-cipher\1.4\plexus-cipher-1.4.jar;C:\Users\DELL\.m2\repository\org\apache\maven\maven-toolchain\2.2.1\maven-toolchain-2.2.1.jar;C:\Users\DELL\.m2\repository\org\codehaus\plexus\plexus-java\0.9.8\plexus-java-0.9.8.jar;C:\Users\DELL\.m2\repository\com\thoughtworks\qdox\qdox\2.0-M7\qdox-2.0-M7.jar;C:\Users\DELL\.m2\repository\org\apache\maven\surefire\surefire-testng-utils\2.22.0\surefire-testng-utils-2.22.0.jar;C:\Users\DELL\.m2\repository\org\apache\maven\surefire\surefire-grouper\2.22.0\surefire-grouper-2.22.0.jar;"/>
    <property name="java.vm.vendor" value="Oracle Corporation"/>
    <property name="sun.arch.data.model" value="64"/>
    <property name="user.variant" value=""/>
    <property name="java.vendor.url" value="http://java.oracle.com/"/>
    <property name="user.timezone" value="Asia/Calcutta"/>
    <property name="java.vm.specification.version" value="1.8"/>
    <property name="os.name" value="Windows 7"/>
    <property name="user.country" value="IN"/>
    <property name="sun.java.launcher" value="SUN_STANDARD"/>
    <property name="sun.boot.library.path" value="C:\Program Files\Java\jdk1.8.0\jre\bin"/>
    <property name="sun.java.command" value="C:\Users\DELL\AppData\Local\Temp\surefire3535792125671924659\surefirebooter5110792541104749511.jar C:\Users\DELL\AppData\Local\Temp\surefire3535792125671924659 2018-10-22T14-34-12_289-jvmRun1 surefire1636863143292463967tmp surefire_05998186571659022500tmp"/>
    <property name="surefire.test.class.path" value="D:\RedBus\redbus\target\test-classes;D:\RedBus\redbus\target\classes;C:\Users\DELL\.m2\repository\com\microsoft\appcenter\appium-test-extension\1.0\appium-test-extension-1.0.jar;C:\Users\DELL\.m2\repository\junit\junit\4.12\junit-4.12.jar;C:\Users\DELL\.m2\repository\org\hamcrest\hamcrest-core\1.3\hamcrest-core-1.3.jar;C:\Users\DELL\.m2\repository\net\sourceforge\streamsupport\streamsupport\1.5.1\streamsupport-1.5.1.jar;C:\Users\DELL\.m2\repository\org\javassist\javassist\3.20.0-GA\javassist-3.20.0-GA.jar;C:\Users\DELL\.m2\repository\log4j\log4j\1.2.17\log4j-1.2.17.jar;C:\Users\DELL\.m2\repository\org\testng\testng\6.8.8\testng-6.8.8.jar;C:\Users\DELL\.m2\repository\org\beanshell\bsh\2.0b4\bsh-2.0b4.jar;C:\Users\DELL\.m2\repository\com\beust\jcommander\1.27\jcommander-1.27.jar;C:\Users\DELL\.m2\repository\io\appium\java-client\3.0.0\java-client-3.0.0.jar;C:\Users\DELL\.m2\repository\com\google\code\gson\gson\2.2.4\gson-2.2.4.jar;C:\Users\DELL\.m2\repository\org\seleniumhq\selenium\selenium-java\2.46.0\selenium-java-2.46.0.jar;C:\Users\DELL\.m2\repository\org\seleniumhq\selenium\selenium-chrome-driver\2.46.0\selenium-chrome-driver-2.46.0.jar;C:\Users\DELL\.m2\repository\org\seleniumhq\selenium\selenium-remote-driver\2.46.0\selenium-remote-driver-2.46.0.jar;C:\Users\DELL\.m2\repository\cglib\cglib-nodep\2.1_3\cglib-nodep-2.1_3.jar;C:\Users\DELL\.m2\repository\org\seleniumhq\selenium\selenium-api\2.46.0\selenium-api-2.46.0.jar;C:\Users\DELL\.m2\repository\org\seleniumhq\selenium\selenium-htmlunit-driver\2.46.0\selenium-htmlunit-driver-2.46.0.jar;C:\Users\DELL\.m2\repository\net\sourceforge\htmlunit\htmlunit\2.17\htmlunit-2.17.jar;C:\Users\DELL\.m2\repository\xalan\xalan\2.7.2\xalan-2.7.2.jar;C:\Users\DELL\.m2\repository\xalan\serializer\2.7.2\serializer-2.7.2.jar;C:\Users\DELL\.m2\repository\commons-collections\commons-collections\3.2.1\commons-collections-3.2.1.jar;C:\Users\DELL\.m2\repository\org\apache\commons\commons-lang3\3.4\commons-lang3-3.4.jar;C:\Users\DELL\.m2\repository\org\apache\httpcomponents\httpmime\4.4.1\httpmime-4.4.1.jar;C:\Users\DELL\.m2\repository\net\sourceforge\htmlunit\htmlunit-core-js\2.17\htmlunit-core-js-2.17.jar;C:\Users\DELL\.m2\repository\xerces\xercesImpl\2.11.0\xercesImpl-2.11.0.jar;C:\Users\DELL\.m2\repository\xml-apis\xml-apis\1.4.01\xml-apis-1.4.01.jar;C:\Users\DELL\.m2\repository\net\sourceforge\nekohtml\nekohtml\1.9.22\nekohtml-1.9.22.jar;C:\Users\DELL\.m2\repository\net\sourceforge\cssparser\cssparser\0.9.16\cssparser-0.9.16.jar;C:\Users\DELL\.m2\repository\org\w3c\css\sac\1.3\sac-1.3.jar;C:\Users\DELL\.m2\repository\org\eclipse\jetty\websocket\websocket-client\9.2.11.v20150529\websocket-client-9.2.11.v20150529.jar;C:\Users\DELL\.m2\repository\org\eclipse\jetty\jetty-util\9.2.11.v20150529\jetty-util-9.2.11.v20150529.jar;C:\Users\DELL\.m2\repository\org\eclipse\jetty\jetty-io\9.2.11.v20150529\jetty-io-9.2.11.v20150529.jar;C:\Users\DELL\.m2\repository\org\eclipse\jetty\websocket\websocket-common\9.2.11.v20150529\websocket-common-9.2.11.v20150529.jar;C:\Users\DELL\.m2\repository\org\eclipse\jetty\websocket\websocket-api\9.2.11.v20150529\websocket-api-9.2.11.v20150529.jar;C:\Users\DELL\.m2\repository\org\seleniumhq\selenium\selenium-firefox-driver\2.46.0\selenium-firefox-driver-2.46.0.jar;C:\Users\DELL\.m2\repository\commons-io\commons-io\2.4\commons-io-2.4.jar;C:\Users\DELL\.m2\repository\org\apache\commons\commons-exec\1.3\commons-exec-1.3.jar;C:\Users\DELL\.m2\repository\org\seleniumhq\selenium\selenium-ie-driver\2.46.0\selenium-ie-driver-2.46.0.jar;C:\Users\DELL\.m2\repository\net\java\dev\jna\jna\4.1.0\jna-4.1.0.jar;C:\Users\DELL\.m2\repository\net\java\dev\jna\jna-platform\4.1.0\jna-platform-4.1.0.jar;C:\Users\DELL\.m2\repository\org\seleniumhq\selenium\selenium-safari-driver\2.46.0\selenium-safari-driver-2.46.0.jar;C:\Users\DELL\.m2\repository\org\seleniumhq\selenium\selenium-support\2.46.0\selenium-support-2.46.0.jar;C:\Users\DELL\.m2\repository\org\webbitserver\webbit\0.4.14\webbit-0.4.14.jar;C:\Users\DELL\.m2\repository\io\netty\netty\3.5.2.Final\netty-3.5.2.Final.jar;C:\Users\DELL\.m2\repository\org\seleniumhq\selenium\selenium-leg-rc\2.46.0\selenium-leg-rc-2.46.0.jar;C:\Users\DELL\.m2\repository\org\apache\httpcomponents\httpclient\4.3.3\httpclient-4.3.3.jar;C:\Users\DELL\.m2\repository\org\apache\httpcomponents\httpcore\4.3.2\httpcore-4.3.2.jar;C:\Users\DELL\.m2\repository\commons-logging\commons-logging\1.1.3\commons-logging-1.1.3.jar;C:\Users\DELL\.m2\repository\commons-codec\commons-codec\1.6\commons-codec-1.6.jar;C:\Users\DELL\.m2\repository\com\google\guava\guava\17.0\guava-17.0.jar;C:\Users\DELL\.m2\repository\cglib\cglib\3.1\cglib-3.1.jar;C:\Users\DELL\.m2\repository\org\ow2\asm\asm\4.2\asm-4.2.jar;C:\Users\DELL\.m2\repository\org\apache\maven\plugins\maven-surefire-plugin\2.22.0\maven-surefire-plugin-2.22.0.jar;C:\Users\DELL\.m2\repository\org\apache\maven\surefire\maven-surefire-common\2.22.0\maven-surefire-common-2.22.0.jar;C:\Users\DELL\.m2\repository\org\apache\maven\maven-plugin-api\2.2.1\maven-plugin-api-2.2.1.jar;C:\Users\DELL\.m2\repository\org\apache\maven\plugin-tools\maven-plugin-annotations\3.5\maven-plugin-annotations-3.5.jar;C:\Users\DELL\.m2\repository\org\apache\maven\surefire\surefire-api\2.22.0\surefire-api-2.22.0.jar;C:\Users\DELL\.m2\repository\org\apache\maven\surefire\surefire-logger-api\2.22.0\surefire-logger-api-2.22.0.jar;C:\Users\DELL\.m2\repository\org\apache\maven\surefire\surefire-booter\2.22.0\surefire-booter-2.22.0.jar;C:\Users\DELL\.m2\repository\org\apache\maven\maven-artifact\2.2.1\maven-artifact-2.2.1.jar;C:\Users\DELL\.m2\repository\org\codehaus\plexus\plexus-utils\1.5.15\plexus-utils-1.5.15.jar;C:\Users\DELL\.m2\repository\org\apache\maven\maven-plugin-descriptor\2.2.1\maven-plugin-descriptor-2.2.1.jar;C:\Users\DELL\.m2\repository\org\codehaus\plexus\plexus-container-default\1.0-alpha-9-stable-1\plexus-container-default-1.0-alpha-9-stable-1.jar;C:\Users\DELL\.m2\repository\org\apache\maven\maven-project\2.2.1\maven-project-2.2.1.jar;C:\Users\DELL\.m2\repository\org\apache\maven\maven-settings\2.2.1\maven-settings-2.2.1.jar;C:\Users\DELL\.m2\repository\org\apache\maven\maven-profile\2.2.1\maven-profile-2.2.1.jar;C:\Users\DELL\.m2\repository\org\apache\maven\maven-artifact-manager\2.2.1\maven-artifact-manager-2.2.1.jar;C:\Users\DELL\.m2\repository\backport-util-concurrent\backport-util-concurrent\3.1\backport-util-concurrent-3.1.jar;C:\Users\DELL\.m2\repository\org\apache\maven\maven-plugin-registry\2.2.1\maven-plugin-registry-2.2.1.jar;C:\Users\DELL\.m2\repository\org\codehaus\plexus\plexus-interpolation\1.11\plexus-interpolation-1.11.jar;C:\Users\DELL\.m2\repository\org\apache\maven\maven-model\2.2.1\maven-model-2.2.1.jar;C:\Users\DELL\.m2\repository\org\apache\maven\maven-core\2.2.1\maven-core-2.2.1.jar;C:\Users\DELL\.m2\repository\org\apache\maven\maven-plugin-parameter-documenter\2.2.1\maven-plugin-parameter-documenter-2.2.1.jar;C:\Users\DELL\.m2\repository\org\apache\maven\wagon\wagon-http\1.0-beta-6\wagon-http-1.0-beta-6.jar;C:\Users\DELL\.m2\repository\org\apache\maven\wagon\wagon-http-shared\1.0-beta-6\wagon-http-shared-1.0-beta-6.jar;C:\Users\DELL\.m2\repository\nekohtml\xercesMinimal\1.9.6.2\xercesMinimal-1.9.6.2.jar;C:\Users\DELL\.m2\repository\nekohtml\nekohtml\1.9.6.2\nekohtml-1.9.6.2.jar;C:\Users\DELL\.m2\repository\commons-httpclient\commons-httpclient\3.1\commons-httpclient-3.1.jar;C:\Users\DELL\.m2\repository\org\apache\maven\wagon\wagon-webdav-jackrabbit\1.0-beta-6\wagon-webdav-jackrabbit-1.0-beta-6.jar;C:\Users\DELL\.m2\repository\org\apache\jackrabbit\jackrabbit-webdav\1.5.0\jackrabbit-webdav-1.5.0.jar;C:\Users\DELL\.m2\repository\org\apache\jackrabbit\jackrabbit-jcr-commons\1.5.0\jackrabbit-jcr-commons-1.5.0.jar;C:\Users\DELL\.m2\repository\org\slf4j\slf4j-nop\1.5.3\slf4j-nop-1.5.3.jar;C:\Users\DELL\.m2\repository\org\slf4j\slf4j-jdk14\1.5.6\slf4j-jdk14-1.5.6.jar;C:\Users\DELL\.m2\repository\org\slf4j\slf4j-api\1.5.6\slf4j-api-1.5.6.jar;C:\Users\DELL\.m2\repository\org\slf4j\jcl-over-slf4j\1.5.6\jcl-over-slf4j-1.5.6.jar;C:\Users\DELL\.m2\repository\org\apache\maven\reporting\maven-reporting-api\2.2.1\maven-reporting-api-2.2.1.jar;C:\Users\DELL\.m2\repository\org\apache\maven\doxia\doxia-logging-api\1.1\doxia-logging-api-1.1.jar;C:\Users\DELL\.m2\repository\org\apache\maven\wagon\wagon-provider-api\1.0-beta-6\wagon-provider-api-1.0-beta-6.jar;C:\Users\DELL\.m2\repository\org\apache\maven\maven-repository-metadata\2.2.1\maven-repository-metadata-2.2.1.jar;C:\Users\DELL\.m2\repository\org\apache\maven\maven-error-diagnostics\2.2.1\maven-error-diagnostics-2.2.1.jar;C:\Users\DELL\.m2\repository\org\apache\maven\maven-monitor\2.2.1\maven-monitor-2.2.1.jar;C:\Users\DELL\.m2\repository\classworlds\classworlds\1.1\classworlds-1.1.jar;C:\Users\DELL\.m2\repository\org\sonatype\plexus\plexus-sec-dispatcher\1.3\plexus-sec-dispatcher-1.3.jar;C:\Users\DELL\.m2\repository\org\sonatype\plexus\plexus-cipher\1.4\plexus-cipher-1.4.jar;C:\Users\DELL\.m2\repository\org\apache\maven\maven-toolchain\2.2.1\maven-toolchain-2.2.1.jar;C:\Users\DELL\.m2\repository\org\codehaus\plexus\plexus-java\0.9.8\plexus-java-0.9.8.jar;C:\Users\DELL\.m2\repository\com\thoughtworks\qdox\qdox\2.0-M7\qdox-2.0-M7.jar;C:\Users\DELL\.m2\repository\org\apache\maven\surefire\surefire-testng-utils\2.22.0\surefire-testng-utils-2.22.0.jar;C:\Users\DELL\.m2\repository\org\apache\maven\surefire\surefire-grouper\2.22.0\surefire-grouper-2.22.0.jar;"/>
    <property name="sun.cpu.endian" value="little"/>
    <property name="user.home" value="C:\Users\DELL"/>
    <property name="user.language" value="en"/>
    <property name="java.specification.vendor" value="Oracle Corporation"/>
    <property name="java.home" value="C:\Program Files\Java\jdk1.8.0\jre"/>
    <property name="basedir" value="D:\RedBus\redbus"/>
    <property name="file.separator" value="\"/>
    <property name="line.separator" value="&#10;"/>
    <property name="java.vm.specification.vendor" value="Oracle Corporation"/>
    <property name="java.specification.name" value="Java Platform API Specification"/>
    <property name="java.awt.graphicsenv" value="sun.awt.Win32GraphicsEnvironment"/>
    <property name="surefire.real.class.path" value="C:\Users\DELL\AppData\Local\Temp\surefire3535792125671924659\surefirebooter5110792541104749511.jar"/>
    <property name="sun.boot.class.path" value="C:\Program Files\Java\jdk1.8.0\jre\lib\resources.jar;C:\Program Files\Java\jdk1.8.0\jre\lib\rt.jar;C:\Program Files\Java\jdk1.8.0\jre\lib\sunrsasign.jar;C:\Program Files\Java\jdk1.8.0\jre\lib\jsse.jar;C:\Program Files\Java\jdk1.8.0\jre\lib\jce.jar;C:\Program Files\Java\jdk1.8.0\jre\lib\charsets.jar;C:\Program Files\Java\jdk1.8.0\jre\lib\jfr.jar;C:\Program Files\Java\jdk1.8.0\jre\classes"/>
    <property name="user.script" value=""/>
    <property name="sun.management.compiler" value="HotSpot 64-Bit Tiered Compilers"/>
    <property name="java.runtime.version" value="1.8.0-ea-b113"/>
    <property name="user.name" value="DELL"/>
    <property name="path.separator" value=";"/>
    <property name="os.version" value="6.1"/>
    <property name="java.endorsed.dirs" value="C:\Program Files\Java\jdk1.8.0\jre\lib\endorsed"/>
    <property name="java.runtime.name" value="Java(TM) SE Runtime Environment"/>
    <property name="file.encoding" value="Cp1252"/>
    <property name="java.vm.name" value="Java HotSpot(TM) 64-Bit Server VM"/>
    <property name="localRepository" value="C:\Users\DELL\.m2\repository"/>
    <property name="java.vendor.url.bug" value="http://bugreport.sun.com/bugreport/"/>
    <property name="java.io.tmpdir" value="C:\Users\DELL\AppData\Local\Temp\"/>
    <property name="java.version" value="1.8.0-ea"/>
    <property name="user.dir" value="D:\RedBus\redbus"/>
    <property name="os.arch" value="amd64"/>
    <property name="java.vm.specification.name" value="Java Virtual Machine Specification"/>
    <property name="java.awt.printerjob" value="sun.awt.windows.WPrinterJob"/>
    <property name="sun.os.patch.level" value="Service Pack 1"/>
    <property name="java.library.path" value="C:\Program Files\Java\jdk1.8.0\jre\bin;C:\Windows\Sun\Java\bin;C:\Windows\system32;C:\Windows;C:\ProgramData\Oracle\Java\javapath;C:\Windows\system32;C:\Windows;C:\Windows\System32\Wbem;C:\Windows\System32\WindowsPowerShell\v1.0\;C:\Program Files (x86)\Skype\Phone\;C:\Program Files\Java\jdk1.8.0\bin;E:\Git\cmd;D:\vipul\Mobile_automation\android-sdk-windows\platform-tools;D:\vipul\Mobile_automation\android-sdk-windows\build-tools\25.0.0;F:\apache-maven-3.5.4\bin;C:\Users\DELL\AppData\Local\GitHubDesktop\bin;."/>
    <property name="java.vm.info" value="mixed mode"/>
    <property name="java.vendor" value="Oracle Corporation"/>
    <property name="java.vm.version" value="25.0-b55"/>
    <property name="java.ext.dirs" value="C:\Program Files\Java\jdk1.8.0\jre\lib\ext;C:\Windows\Sun\Java\lib\ext"/>
    <property name="sun.io.unicode.encoding" value="UnicodeLittle"/>
    <property name="java.class.version" value="52.0"/>
  </properties>
  <testcase name="login" classname="android.Index.RedBusIndex" time="292.007">
    <failure message="A session is either terminated or not started (WARNING: The server did not provide any stacktrace information)&#10;Command duration or timeout: 9 milliseconds&#10;Build info: version: &apos;2.46.0&apos;, revision: &apos;61506a4624b13675f24581e453592342b7485d71&apos;, time: &apos;2015-06-04 10:22:50&apos;&#10;System info: host: &apos;DELL-PC&apos;, ip: &apos;192.168.1.149&apos;, os.name: &apos;Windows 7&apos;, os.arch: &apos;amd64&apos;, os.version: &apos;6.1&apos;, java.version: &apos;1.8.0-ea&apos;&#10;Driver info: io.appium.java_client.android.AndroidDriver&#10;Capabilities [{appPackage=in.redbus.android, noReset=false, deviceName=HKE6GZ7D, platform=LINUX, deviceUDID=HKE6GZ7D, desired={app=D:\RedBus\redbus\app\redBus Online Bus Ticket Booking Hotel Booking_v6.6.5_apkpure.com.apk, noReset=false, newCommandTimeout=600, platformVersion=6.0, autoGrantPermissions=true, unicodeKeyboard=true, platformName=Android, deviceName=TA09407DYT, resetKeyboard=true}, newCommandTimeout=600, platformVersion=6.0, webStorageEnabled=false, takesScreenshot=true, javascriptEnabled=true, unicodeKeyboard=true, platformName=Android, deviceManufacturer=motorola, resetKeyboard=true, app=D:\RedBus\redbus\app\redBus Online Bus Ticket Booking Hotel Booking_v6.6.5_apkpure.com.apk, deviceScreenSize=720x1280, networkConnectionEnabled=true, warnings={}, appWaitPackage=in.redbus.android, appWaitActivity=in.redbus.android.root.SplashScreen, databaseEnabled=false, appActivity=in.redbus.android.root.SplashScreen, locationContextEnabled=false, autoGrantPermissions=true, deviceModel=XT1700}]&#10;Session ID: 7f45187b-efbe-4d40-95c7-2ddaf0795493&#10;*** Element info: {Using=id, value=in.redbus.android:id/mobileNumber}" type="org.openqa.selenium.remote.SessionNotFoundException">org.openqa.selenium.remote.SessionNotFoundException: 
A session is either terminated or not started (WARNING: The server did not provide any stacktrace information)
Command duration or timeout: 9 milliseconds
Build info: version: '2.46.0', revision: '61506a4624b13675f24581e453592342b7485d71', time: '2015-06-04 10:22:50'
System info: host: 'DELL-PC', ip: '192.168.1.149', os.name: 'Windows 7', os.arch: 'amd64', os.version: '6.1', java.version: '1.8.0-ea'
Driver info: io.appium.java_client.android.AndroidDriver
Capabilities [{appPackage=in.redbus.android, noReset=false, deviceName=HKE6GZ7D, platform=LINUX, deviceUDID=HKE6GZ7D, desired={app=D:\RedBus\redbus\app\redBus Online Bus Ticket Booking Hotel Booking_v6.6.5_apkpure.com.apk, noReset=false, newCommandTimeout=600, platformVersion=6.0, autoGrantPermissions=true, unicodeKeyboard=true, platformName=Android, deviceName=TA09407DYT, resetKeyboard=true}, newCommandTimeout=600, platformVersion=6.0, webStorageEnabled=false, takesScreenshot=true, javascriptEnabled=true, unicodeKeyboard=true, platformName=Android, deviceManufacturer=motorola, resetKeyboard=true, app=D:\RedBus\redbus\app\redBus Online Bus Ticket Booking Hotel Booking_v6.6.5_apkpure.com.apk, deviceScreenSize=720x1280, networkConnectionEnabled=true, warnings={}, appWaitPackage=in.redbus.android, appWaitActivity=in.redbus.android.root.SplashScreen, databaseEnabled=false, appActivity=in.redbus.android.root.SplashScreen, locationContextEnabled=false, autoGrantPermissions=true, deviceModel=XT1700}]
Session ID: 7f45187b-efbe-4d40-95c7-2ddaf0795493
*** Element info: {Using=id, value=in.redbus.android:id/mobileNumber}
	at android.Index.RedBusIndex.login(RedBusIndex.java:189)
</failure>
    <system-out><![CDATA[...
... TestNG 6.8.9beta by Cédric Beust (cedric@beust.com)
...

<br>--------------------------------------------------------------------------</br>
<br>------------------- Initiating the Mobile App Session -------------------</br>
<br>--------------------------------------------------------------------------</br>
Sign In with RedBus using valid Credential Details 
<br>Step 1:Choose The Language </br>
<br>Step 2:Click on Continue </br>
<br>Step 3:Swipe the Screens Right to Left </br>
(720, 1184)
Start swipe operation
<br>Step 4:Swipe the Screens Right to Left</br>
(720, 1184)
Start swipe operation
<br>Step 5:Click on Skip  </br>
<br>Step 6:Tap On Screen </br>
<br>======> Tap on the Enter City Field <=====</br>
<br>Step 7:Click on the Profile Icon </br>
<br>Step 8:Click on Login </br>
<br>Step 9:Click on Login Again </br>
<br>Step 10:Enter Mobile Number </br>
]]></system-out>
  </testcase>
  <testcase name="tearDown" classname="android.Index.RedBusIndex" time="292.053">
    <failure message="A session is either terminated or not started (WARNING: The server did not provide any stacktrace information)&#10;Command duration or timeout: 9 milliseconds&#10;Build info: version: &apos;2.46.0&apos;, revision: &apos;61506a4624b13675f24581e453592342b7485d71&apos;, time: &apos;2015-06-04 10:22:50&apos;&#10;System info: host: &apos;DELL-PC&apos;, ip: &apos;192.168.1.149&apos;, os.name: &apos;Windows 7&apos;, os.arch: &apos;amd64&apos;, os.version: &apos;6.1&apos;, java.version: &apos;1.8.0-ea&apos;&#10;Driver info: io.appium.java_client.android.AndroidDriver&#10;Capabilities [{appPackage=in.redbus.android, noReset=false, deviceName=HKE6GZ7D, platform=LINUX, deviceUDID=HKE6GZ7D, desired={app=D:\RedBus\redbus\app\redBus Online Bus Ticket Booking Hotel Booking_v6.6.5_apkpure.com.apk, noReset=false, newCommandTimeout=600, platformVersion=6.0, autoGrantPermissions=true, unicodeKeyboard=true, platformName=Android, deviceName=TA09407DYT, resetKeyboard=true}, newCommandTimeout=600, platformVersion=6.0, webStorageEnabled=false, takesScreenshot=true, javascriptEnabled=true, unicodeKeyboard=true, platformName=Android, deviceManufacturer=motorola, resetKeyboard=true, app=D:\RedBus\redbus\app\redBus Online Bus Ticket Booking Hotel Booking_v6.6.5_apkpure.com.apk, deviceScreenSize=720x1280, networkConnectionEnabled=true, warnings={}, appWaitPackage=in.redbus.android, appWaitActivity=in.redbus.android.root.SplashScreen, databaseEnabled=false, appActivity=in.redbus.android.root.SplashScreen, locationContextEnabled=false, autoGrantPermissions=true, deviceModel=XT1700}]&#10;Session ID: 7f45187b-efbe-4d40-95c7-2ddaf0795493" type="org.openqa.selenium.remote.SessionNotFoundException">org.openqa.selenium.remote.SessionNotFoundException: 
A session is either terminated or not started (WARNING: The server did not provide any stacktrace information)
Command duration or timeout: 9 milliseconds
Build info: version: '2.46.0', revision: '61506a4624b13675f24581e453592342b7485d71', time: '2015-06-04 10:22:50'
System info: host: 'DELL-PC', ip: '192.168.1.149', os.name: 'Windows 7', os.arch: 'amd64', os.version: '6.1', java.version: '1.8.0-ea'
Driver info: io.appium.java_client.android.AndroidDriver
Capabilities [{appPackage=in.redbus.android, noReset=false, deviceName=HKE6GZ7D, platform=LINUX, deviceUDID=HKE6GZ7D, desired={app=D:\RedBus\redbus\app\redBus Online Bus Ticket Booking Hotel Booking_v6.6.5_apkpure.com.apk, noReset=false, newCommandTimeout=600, platformVersion=6.0, autoGrantPermissions=true, unicodeKeyboard=true, platformName=Android, deviceName=TA09407DYT, resetKeyboard=true}, newCommandTimeout=600, platformVersion=6.0, webStorageEnabled=false, takesScreenshot=true, javascriptEnabled=true, unicodeKeyboard=true, platformName=Android, deviceManufacturer=motorola, resetKeyboard=true, app=D:\RedBus\redbus\app\redBus Online Bus Ticket Booking Hotel Booking_v6.6.5_apkpure.com.apk, deviceScreenSize=720x1280, networkConnectionEnabled=true, warnings={}, appWaitPackage=in.redbus.android, appWaitActivity=in.redbus.android.root.SplashScreen, databaseEnabled=false, appActivity=in.redbus.android.root.SplashScreen, locationContextEnabled=false, autoGrantPermissions=true, deviceModel=XT1700}]
Session ID: 7f45187b-efbe-4d40-95c7-2ddaf0795493
</failure>
    <system-out><![CDATA[
TEST FAILED - login

ERROR MESSAGE: org.openqa.selenium.remote.SessionNotFoundException: A session is either terminated or not started (WARNING: The server did not provide any stacktrace information)
Command duration or timeout: 9 milliseconds
Build info: version: '2.46.0', revision: '61506a4624b13675f24581e453592342b7485d71', time: '2015-06-04 10:22:50'
System info: host: 'DELL-PC', ip: '192.168.1.149', os.name: 'Windows 7', os.arch: 'amd64', os.version: '6.1', java.version: '1.8.0-ea'
Driver info: io.appium.java_client.android.AndroidDriver
Capabilities [{appPackage=in.redbus.android, noReset=false, deviceName=HKE6GZ7D, platform=LINUX, deviceUDID=HKE6GZ7D, desired={app=D:\RedBus\redbus\app\redBus Online Bus Ticket Booking Hotel Booking_v6.6.5_apkpure.com.apk, noReset=false, newCommandTimeout=600, platformVersion=6.0, autoGrantPermissions=true, unicodeKeyboard=true, platformName=Android, deviceName=TA09407DYT, resetKeyboard=true}, newCommandTimeout=600, platformVersion=6.0, webStorageEnabled=false, takesScreenshot=true, javascriptEnabled=true, unicodeKeyboard=true, platformName=Android, deviceManufacturer=motorola, resetKeyboard=true, app=D:\RedBus\redbus\app\redBus Online Bus Ticket Booking Hotel Booking_v6.6.5_apkpure.com.apk, deviceScreenSize=720x1280, networkConnectionEnabled=true, warnings={}, appWaitPackage=in.redbus.android, appWaitActivity=in.redbus.android.root.SplashScreen, databaseEnabled=false, appActivity=in.redbus.android.root.SplashScreen, locationContextEnabled=false, autoGrantPermissions=true, deviceModel=XT1700}]
Session ID: 7f45187b-efbe-4d40-95c7-2ddaf0795493
*** Element info: {Using=id, value=in.redbus.android:id/mobileNumber}


========++++++1022144036509========++++++++++
]]></system-out>
    <system-err><![CDATA[=====Creating Log=======
=====Log Completed=======
Oct 22, 2018 2:40:36 PM org.openqa.selenium.remote.Augmenter extractRemoteWebDriver
WARNING: Augmenter should be applied to the instances of @Augmentable classes or previously augmented instances only
]]></system-err>
  </testcase>
</testsuite>