<?xml version="1.0" encoding="UTF-8"?>
<!-- Generated by org.testng.reporters.JUnitReportReporter -->
<testsuite hostname="DELL-PC" name="android.Index.RedBusIndex" tests="1" failures="0" timestamp="25 Sep 2018 07:21:08 GMT" time="273.165" errors="0">
  <testcase name="swipethescreens" time="273.165" classname="android.Index.RedBusIndex"/>
</testsuite> <!-- android.Index.RedBusIndex -->
