<?xml version="1.0" encoding="UTF-8"?>
<!-- Generated by org.testng.reporters.JUnitReportReporter -->
<testsuite hostname="DELL-PC" name="android.Index.RedBusIndex" tests="1" failures="0" timestamp="27 Sep 2018 11:35:59 GMT" time="509.945" errors="0">
  <testcase name="selectyourroute" time="509.945" classname="android.Index.RedBusIndex"/>
</testsuite> <!-- android.Index.RedBusIndex -->
