<?xml version="1.0" encoding="UTF-8"?>
<!-- Generated by org.testng.reporters.JUnitReportReporter -->
<testsuite hostname="DELL-PC" name="android.Index.RedBusIndex" tests="2" failures="0" timestamp="24 Sep 2018 06:40:53 GMT" time="479.725" errors="0">
  <testcase name="SigninwithRedBus" time="240.020" classname="android.Index.RedBusIndex"/>
  <testcase name="SignupwithRedBus" time="239.705" classname="android.Index.RedBusIndex"/>
</testsuite> <!-- android.Index.RedBusIndex -->
