<?xml version="1.0" encoding="UTF-8"?>
<!-- Generated by org.testng.reporters.JUnitReportReporter -->
<testsuite hostname="DELL-PC" name="android.Index.RedBusIndex" tests="1" failures="0" timestamp="27 Sep 2018 12:27:10 GMT" time="435.745" errors="0">
  <testcase name="login" time="435.745" classname="android.Index.RedBusIndex"/>
</testsuite> <!-- android.Index.RedBusIndex -->
